24-03-12.15:36:28.444 [HikariPool-1 housekeeper] WARN  HikariPool             - HikariPool-1 - Thread starvation or clock leap detected (housekeeper delta=52s701ms225µs900ns).
24-03-12.18:56:13.365 [SpringApplicationShutdownHook] WARN  GenericWebApplicationContext - Exception thrown from ApplicationListener handling ContextClosedEvent
java.lang.OutOfMemoryError: Java heap space
	at org.springframework.util.ConcurrentReferenceHashMap$ReferenceManager.createReference(ConcurrentReferenceHashMap.java:1002)
	at org.springframework.util.ConcurrentReferenceHashMap$Segment.lambda$doTask$0(ConcurrentReferenceHashMap.java:533)
	at org.springframework.util.ConcurrentReferenceHashMap$Segment$$Lambda$3/710714889.add(Unknown Source)
	at org.springframework.util.ConcurrentReferenceHashMap$1.execute(ConcurrentReferenceHashMap.java:294)
	at org.springframework.util.ConcurrentReferenceHashMap$Segment.doTask(ConcurrentReferenceHashMap.java:537)
	at org.springframework.util.ConcurrentReferenceHashMap.doTask(ConcurrentReferenceHashMap.java:419)
	at org.springframework.util.ConcurrentReferenceHashMap.put(ConcurrentReferenceHashMap.java:282)
	at org.springframework.util.ConcurrentReferenceHashMap.put(ConcurrentReferenceHashMap.java:271)
	at org.springframework.context.event.GenericApplicationListenerAdapter.resolveDeclaredEventType(GenericApplicationListenerAdapter.java:117)
	at org.springframework.context.event.GenericApplicationListenerAdapter.resolveDeclaredEventType(GenericApplicationListenerAdapter.java:102)
	at org.springframework.context.event.GenericApplicationListenerAdapter.<init>(GenericApplicationListenerAdapter.java:58)
	at org.springframework.context.event.AbstractApplicationEventMulticaster.supportsEvent(AbstractApplicationEventMulticaster.java:376)
	at org.springframework.context.event.AbstractApplicationEventMulticaster.retrieveApplicationListeners(AbstractApplicationEventMulticaster.java:248)
	at org.springframework.context.event.AbstractApplicationEventMulticaster.getApplicationListeners(AbstractApplicationEventMulticaster.java:221)
	at org.springframework.context.event.SimpleApplicationEventMulticaster.multicastEvent(SimpleApplicationEventMulticaster.java:138)
	at org.springframework.context.support.AbstractApplicationContext.publishEvent(AbstractApplicationContext.java:421)
	at org.springframework.context.support.AbstractApplicationContext.publishEvent(AbstractApplicationContext.java:378)
	at org.springframework.context.support.AbstractApplicationContext.doClose(AbstractApplicationContext.java:1060)
	at org.springframework.context.support.AbstractApplicationContext.close(AbstractApplicationContext.java:1023)
	at org.springframework.boot.SpringApplicationShutdownHook.closeAndWait(SpringApplicationShutdownHook.java:145)
	at org.springframework.boot.SpringApplicationShutdownHook$$Lambda$956/1547005207.accept(Unknown Source)
	at java.lang.Iterable.forEach(Iterable.java:75)
	at org.springframework.boot.SpringApplicationShutdownHook.run(SpringApplicationShutdownHook.java:114)
	at java.lang.Thread.run(Thread.java:748)
24-03-12.18:56:13.365 [redisson-timer-4-1] ERROR PingConnectionHandler  - Unable to send PING command over channel: [id: 0x1a8f9d8c, L:/127.0.0.1:13196 - R:127.0.0.1/127.0.0.1:16379]
java.lang.OutOfMemoryError: Java heap space
	at org.redisson.client.handler.CommandsQueue$$Lambda$541/904365426.get$Lambda(Unknown Source)
	at java.lang.invoke.LambdaForm$DMH/895947612.invokeStatic_LL_L(LambdaForm$DMH)
	at java.lang.invoke.LambdaForm$MH/1454031203.linkToTargetMethod(LambdaForm$MH)
	at org.redisson.client.handler.CommandsQueue.write(CommandsQueue.java:83)
	at io.netty.channel.AbstractChannelHandlerContext.invokeWrite0(AbstractChannelHandlerContext.java:879)
	at io.netty.channel.AbstractChannelHandlerContext.invokeWriteAndFlush(AbstractChannelHandlerContext.java:940)
	at io.netty.channel.AbstractChannelHandlerContext$WriteTask.run(AbstractChannelHandlerContext.java:1247)
	at io.netty.util.concurrent.AbstractEventExecutor.runTask(AbstractEventExecutor.java:174)
	at io.netty.util.concurrent.AbstractEventExecutor.safeExecute(AbstractEventExecutor.java:167)
	at io.netty.util.concurrent.SingleThreadEventExecutor.runAllTasks(SingleThreadEventExecutor.java:470)
	at io.netty.channel.nio.NioEventLoop.run(NioEventLoop.java:569)
	at io.netty.util.concurrent.SingleThreadEventExecutor$4.run(SingleThreadEventExecutor.java:997)
	at io.netty.util.internal.ThreadExecutorMap$2.run(ThreadExecutorMap.java:74)
	at io.netty.util.concurrent.FastThreadLocalRunnable.run(FastThreadLocalRunnable.java:30)
	at java.lang.Thread.run(Thread.java:748)
